<?xml version="1.0" encoding="UTF-8"?>
<testsuite xmlns:xsi="http://www.w3.org/2001/XMLSchema-instance" xsi:noNamespaceSchemaLocation="https://maven.apache.org/surefire/maven-surefire-plugin/xsd/surefire-test-report.xsd" version="3.0.2" name="io.github.nishachar.RegistryTest" time="0.042" tests="6" errors="0" skipped="0" failures="0">
  <properties>
[...]
</properties>
  <testcase name="every entry is usable" classname="io.github.nishachar.RegistryTest" time="0.009"/>
  <testcase name="returns null for an unknown language" classname="io.github.nishachar.RegistryTest" time="0.004"/>
  <testcase name="resolves by id alias extension and display name" classname="io.github.nishachar.RegistryTest" time="0.006"/>
  <testcase name="ids are unique" classname="io.github.nishachar.RegistryTest" time="0.003"/>
  <testcase name="SHE is present and browser capable" classname="io.github.nishachar.RegistryTest" time="0.003"/>
  <testcase name="ships every language without a server" classname="io.github.nishachar.RegistryTest" time="0.005"/>
</testsuite>